<?xml version="1.0" encoding="UTF-8"?>
<!-- Generated by org.testng.reporters.JUnitXMLReporter -->
<testsuite ignored="0" hostname="DESKTOP-F40QS3H" failures="0" tests="3" name="Test" time="52.119" errors="0" timestamp="2023-07-25T19:36:17 IST">
  <testcase classname="eCommerceProject.Flipkart" name="flipkartTest" time="22.851"/>
  <testcase classname="eCommerceProject.Myntra" name="myntraTest" time="14.275"/>
  <testcase classname="eCommerceProject.Amazon" name="amazonTest" time="14.932"/>
</testsuite> <!-- Test -->
