<?xml version="1.0" encoding="UTF-8"?>
<testng-results ignored="0" total="3" passed="3" failed="0" skipped="0">
  <reporter-output>
    <line>
      <![CDATA[open flipkart]]>
    </line>
    <line>
      <![CDATA[open myntra]]>
    </line>
    <line>
      <![CDATA[open amazon]]>
    </line>
  </reporter-output>
  <suite started-at="2023-07-25T19:35:25 IST" name="Suite" finished-at="2023-07-25T19:36:17 IST" duration-ms="52119">
    <groups>
    </groups>
    <test started-at="2023-07-25T19:35:25 IST" name="Test" finished-at="2023-07-25T19:36:17 IST" duration-ms="52119">
      <class name="eCommerceProject.Flipkart">
        <test-method signature="flipkartTest()[pri:0, instance:eCommerceProject.Flipkart@7ec7ffd3]" started-at="2023-07-25T19:35:25 IST" name="flipkartTest" finished-at="2023-07-25T19:35:48 IST" duration-ms="22851" status="PASS">
          <reporter-output>
            <line>
              <![CDATA[open flipkart]]>
            </line>
          </reporter-output>
        </test-method> <!-- flipkartTest -->
      </class> <!-- eCommerceProject.Flipkart -->
      <class name="eCommerceProject.Myntra">
        <test-method signature="myntraTest()[pri:0, instance:eCommerceProject.Myntra@245b4bdc]" started-at="2023-07-25T19:35:48 IST" name="myntraTest" finished-at="2023-07-25T19:36:02 IST" duration-ms="14275" status="PASS">
          <reporter-output>
            <line>
              <![CDATA[open myntra]]>
            </line>
          </reporter-output>
        </test-method> <!-- myntraTest -->
      </class> <!-- eCommerceProject.Myntra -->
      <class name="eCommerceProject.Amazon">
        <test-method signature="amazonTest()[pri:0, instance:eCommerceProject.Amazon@6c64cb25]" started-at="2023-07-25T19:36:02 IST" name="amazonTest" finished-at="2023-07-25T19:36:17 IST" duration-ms="14932" status="PASS">
          <reporter-output>
            <line>
              <![CDATA[open amazon]]>
            </line>
          </reporter-output>
        </test-method> <!-- amazonTest -->
      </class> <!-- eCommerceProject.Amazon -->
    </test> <!-- Test -->
  </suite> <!-- Suite -->
</testng-results>
